Removed Member From Class: ClassName=Sheet2 Member=C26
Removed Member From Class: ClassName=Sheet3 Member=C39
Removed Member From Class: ClassName=Sheet3 Member=C40
Removed Member From Class: ClassName=Sheet3 Member=C41
Removed Member From Class: ClassName=Sheet3 Member=C42
Removed Member From Class: ClassName=Sheet3 Member=C43
Removed Member From Class: ClassName=Sheet4 Member=C51
Removed Member From Class: ClassName=Sheet4 Member=C52
Removed Member From Class: ClassName=Sheet3 Member=D5
Removed Member From Class: ClassName=Sheet4 Member=D6
Removed Member From Class: ClassName=Sheet3 Member=R22
Removed Member From Class: ClassName=Sheet3 Member=R23
Removed Member From Class: ClassName=Sheet3 Member=R24
Removed Member From Class: ClassName=Sheet3 Member=R25
Removed Member From Class: ClassName=Sheet3 Member=R26
Removed Member From Class: ClassName=Sheet4 Member=R53
Removed Member From Class: ClassName=Sheet4 Member=R54
Removed Member From Class: ClassName=Sheet4 Member=R55
Removed Member From Class: ClassName=Sheet4 Member=R56
Removed Member From Class: ClassName=Sheet4 Member=R57
Removed Member From Class: ClassName=Sheet5 Member=R64
Removed Member From Class: ClassName=Sheet5 Member=R65
Removed Member From Class: ClassName=Sheet3 Member=TP9
Removed Member From Class: ClassName=Sheet4 Member=TP43
Removed Member From Class: ClassName=Sheet4 Member=TP44
Removed Member From Class: ClassName=Sheet4 Member=TP45
Removed Member From Class: ClassName=Sheet3 Member=U11
Removed Member From Class: ClassName=Sheet4 Member=U14
