Removed Pin From Net: NetName=SD_CS Pin=J4-1
Removed Pin From Net: NetName=SD_MOSI Pin=J4-2
Removed Pin From Net: NetName=GND Pin=J4-3
Removed Pin From Net: NetName=SD_CD Pin=J4-10
Removed Pin From Net: NetName=SD_WP Pin=J4-11
Removed Pin From Net: NetName=GND Pin=J4-12
Removed Pin From Net: NetName=GND Pin=J4-12
Removed Pin From Net: NetName=SD_WP Pin=R56-1
Removed Pin From Net: NetName=VDD_3V3 Pin=R56-2
Removed Member From Class: ClassName=Sheet3 Member=R56
Change Component Footprint: Designator=J4 Old Footprint=CONN,SDCARD,PUSH-PUSH,SMD New Footprint=Conn,MicroSD,Push-Push,SMD
Change Component Comment : Designator=J4 Old Comment=SD Card New Comment=Micro SD Card
Change component parameters: Designator = "J4" ("J4"); Footprint = "CONN,SDCARD,PUSH-PUSH,SMD"; UniqueID = "\JDGFIFHS" ("\JDGFIFHS")
Change component parameters (AddParameter): Name = "CreatedBy"; Value = "Judd Foster"; VariantName = "[No Variations]"
Change component parameters (AddParameter): Name = "HelpURL"; Value = "https://gct.co/files/specs/MEM2075-SPEC.pdf"; VariantName = "[No Variations]"
Change component parameters (AddParameter): Name = "Manufacturer"; Value = "GCT"; VariantName = "[No Variations]"
Change component parameters (AddParameter): Name = "Manufacturer Part Number"; Value = "MEM2075-00-140-01-A"; VariantName = "[No Variations]"
Change component parameters (AddParameter): Name = "Vendor"; Value = "Digikey"; VariantName = "[No Variations]"
Change component parameters (AddParameter): Name = "Vendor Part Number"; Value = "2073-MEM2075-00-140-01-ACT-ND"; VariantName = "[No Variations]"
Added Pin To Net: NetName=SD_CS Pin=J4-2
Added Pin To Net: NetName=SD_MOSI Pin=J4-3
Added Pin To Net: NetName=SD_CD Pin=J4-9
