Add Component: Footprint Not Found ANT,PCB,IFA,2.45GHZ
Add Component: Footprint Not Found Holder,Cell,CR2032,PCB,SMD
Add Component: Footprint Not Found Cap,SMD,0402
Add Component: Footprint Not Found Cap,SMD,0402
Add Component: Footprint Not Found Cap,SMD,0402
Add Component: Footprint Not Found Cap,SMD,0402
Add Component: Footprint Not Found Cap,SMD,0402
Add Component: Footprint Not Found Cap,SMD,0402
Add Component: Footprint Not Found Cap,SMD,0402
Add Component: Footprint Not Found Cap,SMD,0402
Add Component: Footprint Not Found Cap,SMD,0402
Add Component: Footprint Not Found Cap,SMD,0402
Add Component: Footprint Not Found Cap,SMD,0402
Add Component: Footprint Not Found Cap,SMD,0402
Add Component: Footprint Not Found Cap,SMD,0402
Add Component: Footprint Not Found Cap,SMD,0402
Add Component: Footprint Not Found Cap,SMD,0402
Add Component: Footprint Not Found Cap,SMD,0402
Add Component: Footprint Not Found Cap,SMD,0402
Add Component: Footprint Not Found Cap,SMD,0402
Add Component: Footprint Not Found Cap,SMD,0402
Add Component: Footprint Not Found Cap,SMD,0402
Add Component: Footprint Not Found Cap,SMD,0402
Add Component: Footprint Not Found Cap,SMD,0402
Add Component: Footprint Not Found Cap,SMD,0402
Add Component: Footprint Not Found Cap,SMD,0402
Add Component: Footprint Not Found Cap,SMD,0402
Add Component: Footprint Not Found Cap,SMD,0402
Add Component: Footprint Not Found Cap,SMD,0402
Add Component: Footprint Not Found Cap,SMD,0402
Add Component: Footprint Not Found Cap,SMD,0402
Add Component: Footprint Not Found Cap,SMD,0402
Add Component: Footprint Not Found Cap,SMD,0402
Add Component: Footprint Not Found Cap,SMD,0402
Add Component: Footprint Not Found Cap,SMD,0402
Add Component: Footprint Not Found Cap,SMD,0402
Add Component: Footprint Not Found Cap,SMD,0402
Add Component: Footprint Not Found Cap,SMD,0402
Add Component: Footprint Not Found Cap,SMD,0402
Add Component: Footprint Not Found Cap,SMD,0402
Add Component: Footprint Not Found Cap,SMD,0402
Add Component: Footprint Not Found Cap,SMD,0402
Add Component: Footprint Not Found Cap,SMD,0402
Add Component: Footprint Not Found Cap,SMD,0402
Add Component: Footprint Not Found Cap,SMD,0402
Add Component: Footprint Not Found Cap,SMD,0402
Add Component: Footprint Not Found Cap,SMD,0402
Add Component: Footprint Not Found Cap,Alum,SMD,D5,H5.8
Add Component: Footprint Not Found Cap,SMD,0402
Add Component: Footprint Not Found Cap,SMD,0402
Add Component: Footprint Not Found Cap,SMD,0402
Add Component: Footprint Not Found Cap,SMD,0402
Add Component: Footprint Not Found Cap,SMD,0402
Add Component: Footprint Not Found Cap,Alum,SMD,D5,H5.8
Add Component: Footprint Not Found Cap,SMD,0402
Add Component: Footprint Not Found Cap,SMD,0402
Add Component: Footprint Not Found Cap,SMD,0402
Add Component: Footprint Not Found Cap,SMD,0402
Add Component: Footprint Not Found Cap,SMD,0402
Add Component: Footprint Not Found Cap,SMD,0402
Add Component: Footprint Not Found Cap,SMD,0402
Add Component: Footprint Not Found Cap,SMD,0402
Add Component: Footprint Not Found LED,0603
Add Component: Footprint Not Found LED,0603
Add Component: Footprint Not Found LED,0603
Add Component: Footprint Not Found LED,0603
Add Component: Footprint Not Found LED,0603
Add Component: Footprint Not Found LED,0603
Add Component: Footprint Not Found LED,0603
Add Component: Footprint Not Found LED,0603
Add Component: Footprint Not Found SOD128
Add Component: Footprint Not Found CONN,USB_C,SMD
Add Component: Footprint Not Found CONN,USB_C,SMD
Add Component: Footprint Not Found Term,Header,3Pin,2.54mm
Add Component: Footprint Not Found CONN,SDCARD,PUSH-PUSH,SMD
Add Component: Footprint Not Found TERM,HEADER,3X2PIN,P2.54,SMD
Add Component: Footprint Not Found Term,Header,8Pin,2.54mm
Add Component: Footprint Not Found Term,Header,8Pin,2.54mm
Add Component: Footprint Not Found Term,Header,8Pin,2.54mm
Add Component: Footprint Not Found Term,Header,8Pin,2.54mm
Add Component: Footprint Not Found ind,0402
Add Component: Footprint Not Found ind,0402
Add Component: Footprint Not Found IND,0402
Add Component: Footprint Not Found IND,0402
Add Component: Footprint Not Found IND,0805
Add Component: Footprint Not Found IND,WIREWOUND,4.9x4.9,SMD
Add Component: Footprint Not Found ind,0603,thickpad
Add Component: Footprint Not Found IND,0402
Add Component: Footprint Not Found Net Tie,20x60mil
Add Component: Footprint Not Found SOT23-3
Add Component: Footprint Not Found SOT23-3
Add Component: Footprint Not Found SOT1123
Add Component: Footprint Not Found SOT1123
Add Component: Footprint Not Found SOT363
Add Component: Footprint Not Found SOT363
Add Component: Footprint Not Found SOT23-3
Add Component: Footprint Not Found SOT23-3
Add Component: Footprint Not Found RES,0402
Add Component: Footprint Not Found RES,0402
Add Component: Footprint Not Found RES,0402
Add Component: Footprint Not Found RES,0402
Add Component: Footprint Not Found RES,0402
Add Component: Footprint Not Found RES,0402
Add Component: Footprint Not Found RES,0402
Add Component: Footprint Not Found RES,0402
Add Component: Footprint Not Found RES,0402
Add Component: Footprint Not Found RES,0402
Add Component: Footprint Not Found RES,0402
Add Component: Footprint Not Found RES,0402
Add Component: Footprint Not Found RES,0402
Add Component: Footprint Not Found RES,0402
Add Component: Footprint Not Found RES,0402
Add Component: Footprint Not Found RES,0402
Add Component: Footprint Not Found RES,0402
Add Component: Footprint Not Found RES,0402
Add Component: Footprint Not Found RES,0402
Add Component: Footprint Not Found RES,0402
Add Component: Footprint Not Found RES,0402
Add Component: Footprint Not Found RES,0402
Add Component: Footprint Not Found RES,0402
Add Component: Footprint Not Found RES,0402
Add Component: Footprint Not Found RES,0402
Add Component: Footprint Not Found RES,0402
Add Component: Footprint Not Found RES,0402
Add Component: Footprint Not Found RES,0402
Add Component: Footprint Not Found RES,0402
Add Component: Footprint Not Found RES,0402
Add Component: Footprint Not Found RES,0402
Add Component: Footprint Not Found RES,0402
Add Component: Footprint Not Found RES,0402
Add Component: Footprint Not Found RES,0402
Add Component: Footprint Not Found RES,0402
Add Component: Footprint Not Found RES,0402
Add Component: Footprint Not Found RES,0402
Add Component: Footprint Not Found RES,0402
Add Component: Footprint Not Found RES,0402
Add Component: Footprint Not Found RES,0402
Add Component: Footprint Not Found RES,0402
Add Component: Footprint Not Found RES,0402
Add Component: Footprint Not Found RES,0402
Add Component: Footprint Not Found RES,0402
Add Component: Footprint Not Found RES,0402
Add Component: Footprint Not Found RES,0402
Add Component: Footprint Not Found RES,0402
Add Component: Footprint Not Found RES,0402
Add Component: Footprint Not Found RES,0402
Add Component: Footprint Not Found RES,0402
Add Component: Footprint Not Found RES,0402
Add Component: Footprint Not Found RES,0402
Add Component: Footprint Not Found RES,0402
Add Component: Footprint Not Found RES,0402
Add Component: Footprint Not Found RES,0402
Add Component: Footprint Not Found RES,0402
Add Component: Footprint Not Found RES,0402
Add Component: Footprint Not Found RES,0402
Add Component: Footprint Not Found RES,0402
Add Component: Footprint Not Found RES,0402
Add Component: Footprint Not Found RES,0402
Add Component: Footprint Not Found RES,0402
Add Component: Footprint Not Found RES,0402
Add Component: Footprint Not Found RES,0402
Add Component: Footprint Not Found RES,0402
Add Component: Footprint Not Found Switch,Tactile,Micro,SPST-NO,SMD
Add Component: Footprint Not Found Switch,Tactile,Micro,SPST-NO,SMD
Add Component: Footprint Not Found testpoint,smd,round,1mm
Add Component: Footprint Not Found testpoint,smd,round,1mm
Add Component: Footprint Not Found testpoint,smd,round,1mm
Add Component: Footprint Not Found testpoint,smd,round,1mm
Add Component: Footprint Not Found testpoint,smd,round,1mm
Add Component: Footprint Not Found testpoint,smd,round,1mm
Add Component: Footprint Not Found testpoint,smd,round,1mm
Add Component: Footprint Not Found testpoint,smd,round,1mm
Add Component: Footprint Not Found testpoint,smd,round,1mm
Add Component: Footprint Not Found testpoint,smd,round,1mm
Add Component: Footprint Not Found testpoint,smd,round,1mm
Add Component: Footprint Not Found testpoint,smd,round,1mm
Add Component: Footprint Not Found testpoint,smd,round,1mm
Add Component: Footprint Not Found testpoint,smd,round,1mm
Add Component: Footprint Not Found testpoint,smd,round,1mm
Add Component: Footprint Not Found testpoint,smd,round,1mm
Add Component: Footprint Not Found testpoint,smd,round,1mm
Add Component: Footprint Not Found testpoint,smd,round,1mm
Add Component: Footprint Not Found testpoint,smd,round,1mm
Add Component: Footprint Not Found testpoint,smd,round,1mm
Add Component: Footprint Not Found testpoint,smd,round,1mm
Add Component: Footprint Not Found testpoint,smd,round,1mm
Add Component: Footprint Not Found testpoint,smd,round,1mm
Add Component: Footprint Not Found testpoint,smd,round,1mm
Add Component: Footprint Not Found testpoint,smd,round,1mm
Add Component: Footprint Not Found testpoint,smd,round,1mm
Add Component: Footprint Not Found testpoint,smd,round,1mm
Add Component: Footprint Not Found testpoint,smd,round,1mm
Add Component: Footprint Not Found testpoint,smd,round,1mm
Add Component: Footprint Not Found testpoint,smd,round,1mm
Add Component: Footprint Not Found testpoint,smd,round,1mm
Add Component: Footprint Not Found testpoint,smd,round,1mm
Add Component: Footprint Not Found testpoint,smd,round,1mm
Add Component: Footprint Not Found testpoint,smd,round,1mm
Add Component: Footprint Not Found testpoint,smd,round,1mm
Add Component: Footprint Not Found testpoint,smd,round,1mm
Add Component: Footprint Not Found testpoint,smd,round,1mm
Add Component: Footprint Not Found testpoint,smd,round,1mm
Add Component: Footprint Not Found testpoint,smd,round,1mm
Add Component: Footprint Not Found testpoint,smd,round,1mm
Add Component: Footprint Not Found testpoint,smd,round,1mm
Add Component: Footprint Not Found testpoint,smd,round,1mm
Add Component: Footprint Not Found testpoint,smd,round,1mm
Add Component: Footprint Not Found testpoint,smd,round,1mm
Add Component: Footprint Not Found testpoint,smd,round,1mm
Add Component: Footprint Not Found testpoint,smd,round,1mm
Add Component: Footprint Not Found testpoint,smd,round,1mm
Add Component: Footprint Not Found testpoint,smd,round,1mm
Add Component: Footprint Not Found IC,QFN-56,7X7,P0.4MM
Add Component: Footprint Not Found IC,SOIC-8,1.27mm,W3.9
Add Component: Footprint Not Found IC,SOIC-8,1.27mm,W3.9
Add Component: Footprint Not Found IC,TSSOP-20,W3.9,L8.66,P0.635MM
Add Component: Footprint Not Found IC,TSSOP-8,W3.0
Add Component: Footprint Not Found IC,TSSOP-16,W3.9,P0.635MM
Add Component: Footprint Not Found IC,TSSOP-8,W3.0
Add Component: Footprint Not Found IC,TSSOP-20,W4.4
Add Component: Footprint Not Found IC,WLP,2x2,P0.4mm
Add Component: Footprint Not Found IC,LGA-14L,2.5x3mm
Add Component: Footprint Not Found IC,TSSOP-8,W3.0
Add Component: Footprint Not Found IC,DFN-10_3x3,P0.5mm
Add Component: Footprint Not Found IC,DFN-8,P0.5
Add Component: Footprint Not Found IC,TSSOP-8,W3.0
Add Component: Footprint Not Found IC,TSSOP-20,W4.4
Add Component: Footprint Not Found XTAL,SMD,4 Pin,2x2.5mm
Add Component: Footprint Not Found XTAL,SMD,2PIN,2.0x1.2MM
Add Component: Footprint Not Found XTAL,SMD,4 Pin
Added Net: Name=3V3
Added Net: Name=5VA
Added Net: Name=5V
Added Net: Name=A_GND
Added Net: Name=AVR_MISO
Added Net: Name=AVR_MOSI
Added Net: Name=AVR_nRST
Added Net: Name=AVR_PB5
Added Net: Name=AVR_PB6
Added Net: Name=AVR_PB7
Added Net: Name=AVR_PC2
Added Net: Name=AVR_PC4
Added Net: Name=AVR_PC5
Added Net: Name=AVR_PC6
Added Net: Name=AVR_PC7
Added Net: Name=AVR_PD0
Added Net: Name=AVR_PD1
Added Net: Name=AVR_PD4
Added Net: Name=AVR_PD5
Added Net: Name=AVR_PD6
Added Net: Name=AVR_PD7
Added Net: Name=AVR_SCK
Added Net: Name=BIAS_OPAMP
Added Net: Name=CHG_EN
Added Net: Name=ESP32_MTDI
Added Net: Name=ESP32_MTMS
Added Net: Name=ESP32_UART_CTS
Added Net: Name=ESP32_UART_DCD
Added Net: Name=ESP32_UART_DSR
Added Net: Name=ESP32_UART_DTR
Added Net: Name=ESP32_UART_MTCK
Added Net: Name=ESP32_UART_MTDO
Added Net: Name=ESP32_UART_RI
Added Net: Name=ESP32_UART_RTS
Added Net: Name=ESP32_UART_RXD
Added Net: Name=ESP32_UART_TXD
Added Net: Name=ESP32_USB_DM
Added Net: Name=ESP32_USB_DP
Added Net: Name=GND
Added Net: Name=I2C_SCL
Added Net: Name=I2C_SDA
Added Net: Name=ISM330_INT1
Added Net: Name=ISM330_INT2
Added Net: Name=LOAD_CELL_IN
Added Net: Name=MAIN_PWR_EN
Added Net: Name=MCP3561_CS
Added Net: Name=MCP3561_IRQ
Added Net: Name=MCP3561_MCLK
Added Net: Name=NetANT1_1
Added Net: Name=NetB1_1
Added Net: Name=NetC3_2
Added Net: Name=NetC11_2
Added Net: Name=NetC17_1
Added Net: Name=NetC20_2
Added Net: Name=NetC21_2
Added Net: Name=NetC22_2
Added Net: Name=NetC24_2
Added Net: Name=NetC25_2
Added Net: Name=NetC26_2
Added Net: Name=NetC31_1
Added Net: Name=NetC32_2
Added Net: Name=NetC33_2
Added Net: Name=NetC34_2
Added Net: Name=NetC35_2
Added Net: Name=NetC42_1
Added Net: Name=NetC43_1
Added Net: Name=NetC44_2
Added Net: Name=NetC49_1
Added Net: Name=NetC49_2
Added Net: Name=NetC50_2
Added Net: Name=NetC58_1
Added Net: Name=NetC59_1
Added Net: Name=NetC60_2
Added Net: Name=NetD1_1
Added Net: Name=NetD1_2
Added Net: Name=NetD2_1
Added Net: Name=NetD2_2
Added Net: Name=NetD3_1
Added Net: Name=NetD3_2
Added Net: Name=NetD4_1
Added Net: Name=NetD4_2
Added Net: Name=NetD5_1
Added Net: Name=NetD6_2
Added Net: Name=NetD7_2
Added Net: Name=NetD8_2
Added Net: Name=NetJ1_A4/B9
Added Net: Name=NetJ1_A5
Added Net: Name=NetJ1_B5
Added Net: Name=NetJ2_A4/B9
Added Net: Name=NetJ2_A5
Added Net: Name=NetJ2_B5
Added Net: Name=NetL4_2
Added Net: Name=NetL7_1
Added Net: Name=NetL8_2
Added Net: Name=NetQ1_1
Added Net: Name=NetQ2_1
Added Net: Name=NetQ3_1
Added Net: Name=NetQ5_1
Added Net: Name=NetQ5_2
Added Net: Name=NetQ5_4
Added Net: Name=NetQ5_5
Added Net: Name=NetQ6_1
Added Net: Name=NetQ6_2
Added Net: Name=NetQ6_5
Added Net: Name=NetR2_1
Added Net: Name=NetR3_1
Added Net: Name=NetR11_2
Added Net: Name=NetR12_2
Added Net: Name=NetR22_2
Added Net: Name=NetR23_2
Added Net: Name=NetR29_1
Added Net: Name=NetR30_1
Added Net: Name=NetR30_2
Added Net: Name=NetR32_2
Added Net: Name=NetR36_1
Added Net: Name=NetR39_2
Added Net: Name=NetR40_2
Added Net: Name=NetR41_2
Added Net: Name=NetR42_2
Added Net: Name=NetR43_2
Added Net: Name=NetR44_2
Added Net: Name=NetR48_2
Added Net: Name=NetR50_2
Added Net: Name=NetR53_2
Added Net: Name=NetR54_2
Added Net: Name=NetR56_2
Added Net: Name=NetR57_1
Added Net: Name=NetR58_2
Added Net: Name=NetR61_1
Added Net: Name=NetR65_1
Added Net: Name=NetTP12_1
Added Net: Name=NetTP13_1
Added Net: Name=NetTP14_1
Added Net: Name=NetU5_1
Added Net: Name=PCM1780_BCK
Added Net: Name=PCM1780_DATA
Added Net: Name=PCM1780_LRCK
Added Net: Name=PCM1780_M\S\
Added Net: Name=PCM1780_MC
Added Net: Name=PCM1780_MD
Added Net: Name=PCM1780_SCK
Added Net: Name=SD_CD
Added Net: Name=SD_CLK
Added Net: Name=SD_CS
Added Net: Name=SD_MISO
Added Net: Name=SD_MOSI
Added Net: Name=SD_WP
Added Net: Name=SPI_SCK
Added Net: Name=SPI_SDI
Added Net: Name=SPI_SDO
Added Net: Name=SPICLK
Added Net: Name=SPICS0
Added Net: Name=SPICS1
Added Net: Name=SPID
Added Net: Name=SPIHD
Added Net: Name=SPIQ
Added Net: Name=SPIWP
Added Net: Name=UART_ESP32RX_AVRTX
Added Net: Name=UART_ESP32TX_AVRRX
Added Net: Name=USB_VBUS
Added Net: Name=V_BATT
Added Net: Name=VDD_3V3
Added Class: Name=Sheet1
Added Class: Name=Sheet2
Added Class: Name=Sheet3
Added Class: Name=Sheet4
Added Class: Name=Sheet5
Added Class: Name=Sheet6
Added Room: Name=Sheet1
Added Room: Name=Sheet2
Added Room: Name=Sheet3
Added Room: Name=Sheet4
Added Room: Name=Sheet5
Added Room: Name=Sheet6
