Removed Pin From Net: NetName=AVR_PB7 Pin=J6-4
Removed Pin From Net: NetName=AVR_PC4 Pin=J6-6
Removed Pin From Net: NetName=AVR_PD7 Pin=J8-2
Removed Pin From Net: NetName=AVR_PB6 Pin=J8-3
Removed Pin From Net: NetName=AVR_PD1 Pin=J8-6
Removed Pin From Net: NetName=AVR_PC2 Pin=J8-7
Added Pin To Net: NetName=VDD_3V3 Pin=C43-2
Added Pin To Net: NetName=VDD_3V3 Pin=C44-2
Added Pin To Net: NetName=VDD_3V3 Pin=C45-2
Added Pin To Net: NetName=VDD_3V3 Pin=J6-1
Added Pin To Net: NetName=VDD_3V3 Pin=J6-2
Added Pin To Net: NetName=AVR_PB7 Pin=J6-6
Added Pin To Net: NetName=VDD_3V3 Pin=J7-1
Added Pin To Net: NetName=AVR_PC2 Pin=J8-2
Added Pin To Net: NetName=AVR_PB6 Pin=J8-6
Added Pin To Net: NetName=VDD_3V3 Pin=L7-2
Added Pin To Net: NetName=VDD_3V3 Pin=TP51-1
Added Pin To Net: NetName=VDD_3V3 Pin=U12-7
Change Net Name : Old Net Name=5V New Net Name=VDD_5V
Change Net Name : Old Net Name=5VA New Net Name=VDD_5VA
