Add Pin To Net: Pin=TP20-1 Old Net=NetTP20_1 New Net=MCP3561_CS
Add Pin To Net: Pin=TP21-1 Old Net=NetTP21_1 New Net=SPI_SCK
Add Pin To Net: Pin=TP22-1 Old Net=NetTP22_1 New Net=SPI_SDI
Add Pin To Net: Pin=TP23-1 Old Net=NetTP23_1 New Net=SPI_SDO
Add Pin To Net: Pin=TP24-1 Old Net=NetTP24_1 New Net=MCP3561_IRQ
Add Pin To Net: Pin=TP25-1 Old Net=NetTP25_1 New Net=MCP3561_MCLK
Add Pin To Net: Pin=TP26-1 Old Net=NetTP26_1 New Net=PCM1780_M\S\
Add Pin To Net: Pin=TP27-1 Old Net=NetTP27_1 New Net=PCM1780_MC
Add Pin To Net: Pin=TP28-1 Old Net=NetTP28_1 New Net=PCM1780_MD
Add Pin To Net: Pin=TP29-1 Old Net=NetTP29_1 New Net=PCM1780_SCK
Add Pin To Net: Pin=TP30-1 Old Net=NetTP30_1 New Net=PCM1780_DATA
Add Pin To Net: Pin=TP31-1 Old Net=NetTP31_1 New Net=PCM1780_BCK
Add Pin To Net: Pin=TP32-1 Old Net=NetTP32_1 New Net=PCM1780_LRCK
Add Pin To Net: Pin=TP35-1 Old Net=NetTP35_1 New Net=ISM330_INT1
Add Pin To Net: Pin=TP36-1 Old Net=NetTP36_1 New Net=ISM330_INT2
Add Pin To Net: Pin=TP37-1 Old Net=NetTP37_1 New Net=I2C_SCL
Add Pin To Net: Pin=TP38-1 Old Net=NetTP38_1 New Net=I2C_SDA
Add Pin To Net: Pin=TP39-1 Old Net=NetTP39_1 New Net=SD_MISO
Add Pin To Net: Pin=TP40-1 Old Net=NetTP40_1 New Net=SD_CS
Add Pin To Net: Pin=TP41-1 Old Net=NetTP41_1 New Net=SD_MOSI
Add Pin To Net: Pin=TP42-1 Old Net=NetTP42_1 New Net=SD_CLK
Add Pin To Net: Pin=TP43-1 Old Net=NetTP43_1 New Net=SD_CD
Add Pin To Net: Pin=TP44-1 Old Net=NetTP44_1 New Net=SD_WP
Add Pin To Net: Pin=U1C-5 Old Net=NetU1_5 New Net=PCM1780_M\S\
Add Pin To Net: Pin=U1C-6 Old Net=NetU1_6 New Net=PCM1780_MC
Add Pin To Net: Pin=U1C-7 Old Net=NetU1_7 New Net=PCM1780_MD
Add Pin To Net: Pin=U1C-8 Old Net=NetU1_8 New Net=PCM1780_SCK
Add Pin To Net: Pin=U1C-9 Old Net=NetU1_9 New Net=PCM1780_BCK
Add Pin To Net: Pin=U1C-10 Old Net=NetU1_10 New Net=MCP3561_CS
Add Pin To Net: Pin=U1C-11 Old Net=NetU1_11 New Net=PCM1780_DATA
Add Pin To Net: Pin=U1C-12 Old Net=NetU1_12 New Net=SPI_SDI
Add Pin To Net: Pin=U1C-13 Old Net=NetU1_13 New Net=MCP3561_IRQ
Add Pin To Net: Pin=U1C-14 Old Net=NetU1_14 New Net=MCP3561_MCLK
Add Pin To Net: Pin=U1C-15 Old Net=NetU1_15 New Net=PCM1780_LRCK
Add Pin To Net: Pin=U1C-16 Old Net=NetU1_16 New Net=SPI_SDO
Add Pin To Net: Pin=U1C-17 Old Net=NetU1_17 New Net=SPI_SCK
Add Pin To Net: Pin=U1C-18 Old Net=NetU1_18 New Net=ESP32_USB_N
Add Pin To Net: Pin=U1C-19 Old Net=NetU1_19 New Net=ESP32_USB_P
Add Pin To Net: Pin=U1C-25 Old Net=NetU1_25 New Net=ISM330_INT1
Add Pin To Net: Pin=U1C-26 Old Net=NetU1_26 New Net=ISM330_INT2
Add Pin To Net: Pin=U1C-28 Old Net=NetU1_28 New Net=I2C_SCL
Add Pin To Net: Pin=U1C-37 Old Net=NetU1_37 New Net=I2C_SDA
Add Pin To Net: Pin=U1C-38 Old Net=NetU1_38 New Net=SD_MISO
Add Pin To Net: Pin=U1C-39 Old Net=NetU1_39 New Net=SD_CS
Add Pin To Net: Pin=U1C-40 Old Net=NetU1_40 New Net=SD_MOSI
Add Pin To Net: Pin=U1C-41 Old Net=NetU1_41 New Net=SD_CLK
Add Pin To Net: Pin=U1C-42 Old Net=NetU1_42 New Net=SD_CD
Add Pin To Net: Pin=U1C-50 Old Net=NetU1_50 New Net=SD_WP
