Change Component Designator: Old Designator=B1 New Designator=B100
Change Component Designator: Old Designator=C1 New Designator=C100
Change Component Designator: Old Designator=C2 New Designator=C101
Change Component Designator: Old Designator=C3 New Designator=C102
Change Component Designator: Old Designator=C4 New Designator=C103
Change Component Designator: Old Designator=C5 New Designator=C104
Change Component Designator: Old Designator=C6 New Designator=C105
Change Component Designator: Old Designator=D1 New Designator=D100
Change Component Designator: Old Designator=Q1 New Designator=Q100
Change Component Designator: Old Designator=R1 New Designator=R100
Change Component Designator: Old Designator=R2 New Designator=R101
Change Component Designator: Old Designator=R3 New Designator=R102
Change Component Designator: Old Designator=R4 New Designator=R103
Change Component Designator: Old Designator=TP1 New Designator=TP100
Change Component Designator: Old Designator=TP2 New Designator=TP101
Change Component Designator: Old Designator=TP3 New Designator=TP102
Change Component Designator: Old Designator=U1 New Designator=U100
Change Component Designator: Old Designator=U2 New Designator=U101
Change Component Designator: Old Designator=U3 New Designator=U102
Change Component Designator: Old Designator=Y1 New Designator=Y100
