Change Component Designator: Old Designator=B1 New Designator=B?
Change Component Designator: Old Designator=C34 New Designator=C?
Change Component Designator: Old Designator=C35 New Designator=C?
Change Component Designator: Old Designator=C36 New Designator=C?
Change Component Designator: Old Designator=C37 New Designator=C?
Change Component Designator: Old Designator=C38 New Designator=C?
Change Component Designator: Old Designator=C63 New Designator=C?
Change Component Designator: Old Designator=D9 New Designator=D?
Change Component Designator: Old Designator=Q3 New Designator=Q?
Change Component Designator: Old Designator=R56 New Designator=R?
Change Component Designator: Old Designator=R57 New Designator=R?
Change Component Designator: Old Designator=R58 New Designator=R?
Change Component Designator: Old Designator=R59 New Designator=R?
Change Component Designator: Old Designator=TP7 New Designator=TP?
Change Component Designator: Old Designator=TP8 New Designator=TP?
Change Component Designator: Old Designator=TP9 New Designator=TP?
Change Component Designator: Old Designator=U8 New Designator=U?
Change Component Designator: Old Designator=U9 New Designator=U?
Change Component Designator: Old Designator=U10 New Designator=U?
Change Component Designator: Old Designator=Y2 New Designator=Y?
