Change Component Designator: Old Designator=B? New Designator=B100
Change Component Designator: Old Designator=C? New Designator=C100
Change Component Designator: Old Designator=C? New Designator=C101
Change Component Designator: Old Designator=C? New Designator=C102
Change Component Designator: Old Designator=C? New Designator=C103
Change Component Designator: Old Designator=C? New Designator=C104
Change Component Designator: Old Designator=C? New Designator=C105
Change Component Designator: Old Designator=D? New Designator=D100
Change Component Designator: Old Designator=Q? New Designator=Q100
Change Component Designator: Old Designator=R? New Designator=R100
Change Component Designator: Old Designator=R? New Designator=R101
Change Component Designator: Old Designator=R? New Designator=R102
Change Component Designator: Old Designator=R? New Designator=R103
Change Component Designator: Old Designator=TP? New Designator=TP100
Change Component Designator: Old Designator=TP? New Designator=TP101
Change Component Designator: Old Designator=TP? New Designator=TP102
Change Component Designator: Old Designator=U? New Designator=U100
Change Component Designator: Old Designator=U? New Designator=U101
Change Component Designator: Old Designator=U? New Designator=U102
Change Component Designator: Old Designator=Y? New Designator=Y100
