Change Component Designator: Old Designator=C7 New Designator=C200
Change Component Designator: Old Designator=C8 New Designator=C201
Change Component Designator: Old Designator=C9 New Designator=C202
Change Component Designator: Old Designator=C10 New Designator=C203
Change Component Designator: Old Designator=C11 New Designator=C204
Change Component Designator: Old Designator=L1 New Designator=L200
Change Component Designator: Old Designator=NT1 New Designator=NT200
Change Component Designator: Old Designator=R5 New Designator=R200
Change Component Designator: Old Designator=R6 New Designator=R201
Change Component Designator: Old Designator=R7 New Designator=R202
Change Component Designator: Old Designator=R8 New Designator=R203
Change Component Designator: Old Designator=R9 New Designator=R204
Change Component Designator: Old Designator=R10 New Designator=R205
Change Component Designator: Old Designator=R11 New Designator=R206
Change Component Designator: Old Designator=R12 New Designator=R207
Change Component Designator: Old Designator=R13 New Designator=R208
Change Component Designator: Old Designator=R14 New Designator=R209
Change Component Designator: Old Designator=R15 New Designator=R210
Change Component Designator: Old Designator=R16 New Designator=R211
Change Component Designator: Old Designator=R17 New Designator=R212
Change Component Designator: Old Designator=R18 New Designator=R213
Change Component Designator: Old Designator=R19 New Designator=R214
Change Component Designator: Old Designator=R20 New Designator=R215
Change Component Designator: Old Designator=R21 New Designator=R216
Change Component Designator: Old Designator=R22 New Designator=R217
Change Component Designator: Old Designator=R23 New Designator=R218
Change Component Designator: Old Designator=R24 New Designator=R219
Change Component Designator: Old Designator=R25 New Designator=R220
Change Component Designator: Old Designator=R26 New Designator=R221
Change Component Designator: Old Designator=R27 New Designator=R222
Change Component Designator: Old Designator=TP4 New Designator=TP200
Change Component Designator: Old Designator=TP5 New Designator=TP201
Change Component Designator: Old Designator=U4 New Designator=U200
Change Component Designator: Old Designator=U4 New Designator=U200
Change Component Designator: Old Designator=U4 New Designator=U200
Change Component Designator: Old Designator=U5 New Designator=U201
