Change Component Designator: Old Designator=ANT1 New Designator=ANT500
Change Component Designator: Old Designator=C20 New Designator=C500
Change Component Designator: Old Designator=C21 New Designator=C501
Change Component Designator: Old Designator=C22 New Designator=C502
Change Component Designator: Old Designator=C23 New Designator=C503
Change Component Designator: Old Designator=C24 New Designator=C504
Change Component Designator: Old Designator=C25 New Designator=C505
Change Component Designator: Old Designator=C26 New Designator=C506
Change Component Designator: Old Designator=C27 New Designator=C507
Change Component Designator: Old Designator=C28 New Designator=C508
Change Component Designator: Old Designator=C29 New Designator=C509
Change Component Designator: Old Designator=C30 New Designator=C510
Change Component Designator: Old Designator=C31 New Designator=C511
Change Component Designator: Old Designator=C32 New Designator=C512
Change Component Designator: Old Designator=C33 New Designator=C513
Change Component Designator: Old Designator=C34 New Designator=C514
Change Component Designator: Old Designator=C35 New Designator=C515
Change Component Designator: Old Designator=C36 New Designator=C516
Change Component Designator: Old Designator=D2 New Designator=D500
Change Component Designator: Old Designator=L2 New Designator=L500
Change Component Designator: Old Designator=L3 New Designator=L501
Change Component Designator: Old Designator=R50 New Designator=R500
Change Component Designator: Old Designator=R51 New Designator=R501
Change Component Designator: Old Designator=R52 New Designator=R502
Change Component Designator: Old Designator=R53 New Designator=R503
Change Component Designator: Old Designator=R54 New Designator=R504
Change Component Designator: Old Designator=R55 New Designator=R505
Change Component Designator: Old Designator=SW1 New Designator=SW500
Change Component Designator: Old Designator=SW2 New Designator=SW501
Change Component Designator: Old Designator=U7 New Designator=U500
Change Component Designator: Old Designator=U7 New Designator=U500
Change Component Designator: Old Designator=U7 New Designator=U500
Change Component Designator: Old Designator=U8 New Designator=U501
Change Component Designator: Old Designator=Y2 New Designator=Y500
