Change Component Designator: Old Designator=C37 New Designator=C600
Change Component Designator: Old Designator=C38 New Designator=C601
Change Component Designator: Old Designator=C39 New Designator=C602
Change Component Designator: Old Designator=C40 New Designator=C603
Change Component Designator: Old Designator=C41 New Designator=C604
Change Component Designator: Old Designator=C42 New Designator=C605
Change Component Designator: Old Designator=C43 New Designator=C606
Change Component Designator: Old Designator=C44 New Designator=C607
Change Component Designator: Old Designator=C45 New Designator=C608
Change Component Designator: Old Designator=C46 New Designator=C609
Change Component Designator: Old Designator=C47 New Designator=C610
Change Component Designator: Old Designator=C48 New Designator=C611
Change Component Designator: Old Designator=C49 New Designator=C612
Change Component Designator: Old Designator=C50 New Designator=C613
Change Component Designator: Old Designator=C51 New Designator=C614
Change Component Designator: Old Designator=C52 New Designator=C615
Change Component Designator: Old Designator=C53 New Designator=C616
Change Component Designator: Old Designator=C54 New Designator=C617
Change Component Designator: Old Designator=C55 New Designator=C618
Change Component Designator: Old Designator=C56 New Designator=C619
Change Component Designator: Old Designator=C57 New Designator=C620
Change Component Designator: Old Designator=C58 New Designator=C621
Change Component Designator: Old Designator=D3 New Designator=D600
Change Component Designator: Old Designator=D4 New Designator=D601
Change Component Designator: Old Designator=D5 New Designator=D602
Change Component Designator: Old Designator=D6 New Designator=D603
Change Component Designator: Old Designator=D7 New Designator=D604
Change Component Designator: Old Designator=J3 New Designator=J600
Change Component Designator: Old Designator=L4 New Designator=L600
Change Component Designator: Old Designator=L5 New Designator=L601
Change Component Designator: Old Designator=L6 New Designator=L602
Change Component Designator: Old Designator=L7 New Designator=L603
Change Component Designator: Old Designator=Q2 New Designator=Q600
Change Component Designator: Old Designator=Q3 New Designator=Q601
Change Component Designator: Old Designator=Q4 New Designator=Q602
Change Component Designator: Old Designator=Q5 New Designator=Q603
Change Component Designator: Old Designator=Q6 New Designator=Q604
Change Component Designator: Old Designator=R56 New Designator=R600
Change Component Designator: Old Designator=R57 New Designator=R601
Change Component Designator: Old Designator=R58 New Designator=R602
Change Component Designator: Old Designator=R59 New Designator=R603
Change Component Designator: Old Designator=R60 New Designator=R604
Change Component Designator: Old Designator=R61 New Designator=R605
Change Component Designator: Old Designator=R62 New Designator=R606
Change Component Designator: Old Designator=R63 New Designator=R607
Change Component Designator: Old Designator=R64 New Designator=R608
Change Component Designator: Old Designator=R65 New Designator=R609
Change Component Designator: Old Designator=R66 New Designator=R610
Change Component Designator: Old Designator=R67 New Designator=R611
Change Component Designator: Old Designator=R68 New Designator=R612
Change Component Designator: Old Designator=R69 New Designator=R613
Change Component Designator: Old Designator=R70 New Designator=R614
Change Component Designator: Old Designator=R71 New Designator=R615
Change Component Designator: Old Designator=R72 New Designator=R616
Change Component Designator: Old Designator=R73 New Designator=R617
Change Component Designator: Old Designator=R74 New Designator=R618
Change Component Designator: Old Designator=R75 New Designator=R619
Change Component Designator: Old Designator=R76 New Designator=R620
Change Component Designator: Old Designator=R77 New Designator=R621
Change Component Designator: Old Designator=R78 New Designator=R622
Change Component Designator: Old Designator=R79 New Designator=R623
Change Component Designator: Old Designator=R80 New Designator=R624
Change Component Designator: Old Designator=TP6 New Designator=TP600
Change Component Designator: Old Designator=TP7 New Designator=TP601
Change Component Designator: Old Designator=TP8 New Designator=TP602
Change Component Designator: Old Designator=TP9 New Designator=TP603
Change Component Designator: Old Designator=TP10 New Designator=TP604
Change Component Designator: Old Designator=TP11 New Designator=TP605
Change Component Designator: Old Designator=TP12 New Designator=TP606
Change Component Designator: Old Designator=TP13 New Designator=TP607
Change Component Designator: Old Designator=TP14 New Designator=TP608
Change Component Designator: Old Designator=TP15 New Designator=TP609
Change Component Designator: Old Designator=U9 New Designator=U600
Change Component Designator: Old Designator=U10 New Designator=U601
Change Component Designator: Old Designator=U11 New Designator=U602
