Change Component Designator: Old Designator=C? New Designator=C600
Change Component Designator: Old Designator=C? New Designator=C601
Change Component Designator: Old Designator=C? New Designator=C602
Change Component Designator: Old Designator=C? New Designator=C603
Change Component Designator: Old Designator=C? New Designator=C604
Change Component Designator: Old Designator=C? New Designator=C605
Change Component Designator: Old Designator=C? New Designator=C606
Change Component Designator: Old Designator=C? New Designator=C607
Change Component Designator: Old Designator=C? New Designator=C608
Change Component Designator: Old Designator=C? New Designator=C609
Change Component Designator: Old Designator=C? New Designator=C610
Change Component Designator: Old Designator=C? New Designator=C611
Change Component Designator: Old Designator=C? New Designator=C612
Change Component Designator: Old Designator=C? New Designator=C613
Change Component Designator: Old Designator=C? New Designator=C614
Change Component Designator: Old Designator=C? New Designator=C615
Change Component Designator: Old Designator=C? New Designator=C616
Change Component Designator: Old Designator=C? New Designator=C617
Change Component Designator: Old Designator=C? New Designator=C618
Change Component Designator: Old Designator=C? New Designator=C619
Change Component Designator: Old Designator=C? New Designator=C620
Change Component Designator: Old Designator=C? New Designator=C621
Change Component Designator: Old Designator=D? New Designator=D600
Change Component Designator: Old Designator=D? New Designator=D601
Change Component Designator: Old Designator=D? New Designator=D602
Change Component Designator: Old Designator=D? New Designator=D603
Change Component Designator: Old Designator=D? New Designator=D604
Change Component Designator: Old Designator=J? New Designator=J600
Change Component Designator: Old Designator=L? New Designator=L600
Change Component Designator: Old Designator=L? New Designator=L601
Change Component Designator: Old Designator=L? New Designator=L602
Change Component Designator: Old Designator=L? New Designator=L603
Change Component Designator: Old Designator=Q? New Designator=Q600
Change Component Designator: Old Designator=Q? New Designator=Q601
Change Component Designator: Old Designator=Q? New Designator=Q602
Change Component Designator: Old Designator=Q? New Designator=Q603
Change Component Designator: Old Designator=Q? New Designator=Q604
Change Component Designator: Old Designator=R? New Designator=R600
Change Component Designator: Old Designator=R? New Designator=R601
Change Component Designator: Old Designator=R? New Designator=R602
Change Component Designator: Old Designator=R? New Designator=R603
Change Component Designator: Old Designator=R? New Designator=R604
Change Component Designator: Old Designator=R? New Designator=R605
Change Component Designator: Old Designator=R? New Designator=R606
Change Component Designator: Old Designator=R? New Designator=R607
Change Component Designator: Old Designator=R? New Designator=R608
Change Component Designator: Old Designator=R? New Designator=R609
Change Component Designator: Old Designator=R? New Designator=R610
Change Component Designator: Old Designator=R? New Designator=R611
Change Component Designator: Old Designator=R? New Designator=R612
Change Component Designator: Old Designator=R? New Designator=R613
Change Component Designator: Old Designator=R? New Designator=R614
Change Component Designator: Old Designator=R? New Designator=R615
Change Component Designator: Old Designator=R? New Designator=R616
Change Component Designator: Old Designator=R? New Designator=R617
Change Component Designator: Old Designator=R? New Designator=R618
Change Component Designator: Old Designator=R? New Designator=R619
Change Component Designator: Old Designator=R? New Designator=R620
Change Component Designator: Old Designator=R? New Designator=R621
Change Component Designator: Old Designator=R? New Designator=R622
Change Component Designator: Old Designator=R? New Designator=R623
Change Component Designator: Old Designator=R? New Designator=R624
Change Component Designator: Old Designator=TP? New Designator=TP600
Change Component Designator: Old Designator=TP? New Designator=TP601
Change Component Designator: Old Designator=TP? New Designator=TP602
Change Component Designator: Old Designator=TP? New Designator=TP603
Change Component Designator: Old Designator=TP? New Designator=TP604
Change Component Designator: Old Designator=TP? New Designator=TP605
Change Component Designator: Old Designator=TP? New Designator=TP606
Change Component Designator: Old Designator=TP? New Designator=TP607
Change Component Designator: Old Designator=TP? New Designator=TP608
Change Component Designator: Old Designator=TP? New Designator=TP609
Change Component Designator: Old Designator=U? New Designator=U600
Change Component Designator: Old Designator=U? New Designator=U601
Change Component Designator: Old Designator=U? New Designator=U602
