Change Component Designator: Old Designator=C59 New Designator=C700
Change Component Designator: Old Designator=C60 New Designator=C701
Change Component Designator: Old Designator=C61 New Designator=C702
Change Component Designator: Old Designator=C62 New Designator=C703
Change Component Designator: Old Designator=C63 New Designator=C704
Change Component Designator: Old Designator=C64 New Designator=C705
Change Component Designator: Old Designator=C65 New Designator=C706
Change Component Designator: Old Designator=C66 New Designator=C707
Change Component Designator: Old Designator=D8 New Designator=D700
Change Component Designator: Old Designator=D9 New Designator=D701
Change Component Designator: Old Designator=D10 New Designator=D702
Change Component Designator: Old Designator=J4 New Designator=J700
Change Component Designator: Old Designator=J5 New Designator=J701
Change Component Designator: Old Designator=L8 New Designator=L700
Change Component Designator: Old Designator=L9 New Designator=L701
Change Component Designator: Old Designator=R81 New Designator=R700
Change Component Designator: Old Designator=R82 New Designator=R701
Change Component Designator: Old Designator=R83 New Designator=R702
Change Component Designator: Old Designator=R84 New Designator=R703
Change Component Designator: Old Designator=R85 New Designator=R704
Change Component Designator: Old Designator=R86 New Designator=R705
Change Component Designator: Old Designator=R87 New Designator=R706
Change Component Designator: Old Designator=R88 New Designator=R707
Change Component Designator: Old Designator=R89 New Designator=R708
Change Component Designator: Old Designator=TP16 New Designator=TP700
Change Component Designator: Old Designator=U12 New Designator=U700
Change Component Designator: Old Designator=U13 New Designator=U701
Change Component Designator: Old Designator=U14 New Designator=U702
Change Component Designator: Old Designator=U15 New Designator=U703
