Change Component Designator: Old Designator=C? New Designator=C700
Change Component Designator: Old Designator=C? New Designator=C701
Change Component Designator: Old Designator=C? New Designator=C702
Change Component Designator: Old Designator=C? New Designator=C703
Change Component Designator: Old Designator=C? New Designator=C704
Change Component Designator: Old Designator=C? New Designator=C705
Change Component Designator: Old Designator=C? New Designator=C706
Change Component Designator: Old Designator=C? New Designator=C707
Change Component Designator: Old Designator=D? New Designator=D700
Change Component Designator: Old Designator=D? New Designator=D701
Change Component Designator: Old Designator=D? New Designator=D702
Change Component Designator: Old Designator=J? New Designator=J700
Change Component Designator: Old Designator=J? New Designator=J701
Change Component Designator: Old Designator=L? New Designator=L700
Change Component Designator: Old Designator=L? New Designator=L701
Change Component Designator: Old Designator=R? New Designator=R700
Change Component Designator: Old Designator=R? New Designator=R701
Change Component Designator: Old Designator=R? New Designator=R702
Change Component Designator: Old Designator=R? New Designator=R703
Change Component Designator: Old Designator=R? New Designator=R704
Change Component Designator: Old Designator=R? New Designator=R705
Change Component Designator: Old Designator=R? New Designator=R706
Change Component Designator: Old Designator=R? New Designator=R707
Change Component Designator: Old Designator=R? New Designator=R708
Change Component Designator: Old Designator=TP? New Designator=TP700
Change Component Designator: Old Designator=U? New Designator=U700
Change Component Designator: Old Designator=U? New Designator=U701
Change Component Designator: Old Designator=U? New Designator=U702
Change Component Designator: Old Designator=U? New Designator=U703
