Change Component Designator: Old Designator=C? New Designator=C800
Change Component Designator: Old Designator=C? New Designator=C801
Change Component Designator: Old Designator=C? New Designator=C802
Change Component Designator: Old Designator=C? New Designator=C803
Change Component Designator: Old Designator=D? New Designator=D800
Change Component Designator: Old Designator=D? New Designator=D801
Change Component Designator: Old Designator=J? New Designator=J800
Change Component Designator: Old Designator=L? New Designator=L800
Change Component Designator: Old Designator=Q? New Designator=Q800
Change Component Designator: Old Designator=Q? New Designator=Q801
Change Component Designator: Old Designator=R? New Designator=R800
Change Component Designator: Old Designator=R? New Designator=R801
Change Component Designator: Old Designator=R? New Designator=R802
Change Component Designator: Old Designator=R? New Designator=R803
Change Component Designator: Old Designator=R? New Designator=R804
Change Component Designator: Old Designator=R? New Designator=R805
Change Component Designator: Old Designator=R? New Designator=R806
Change Component Designator: Old Designator=R? New Designator=R807
Change Component Designator: Old Designator=R? New Designator=R808
Change Component Designator: Old Designator=R? New Designator=R809
Change Component Designator: Old Designator=R? New Designator=R810
Change Component Designator: Old Designator=TP? New Designator=TP800
Change Component Designator: Old Designator=TP? New Designator=TP801
Change Component Designator: Old Designator=TP? New Designator=TP802
Change Component Designator: Old Designator=TP? New Designator=TP803
Change Component Designator: Old Designator=U? New Designator=U800
