Change Component Designator: Old Designator=C67 New Designator=C800
Change Component Designator: Old Designator=C68 New Designator=C801
Change Component Designator: Old Designator=C69 New Designator=C802
Change Component Designator: Old Designator=C70 New Designator=C803
Change Component Designator: Old Designator=D11 New Designator=D800
Change Component Designator: Old Designator=D12 New Designator=D801
Change Component Designator: Old Designator=J6 New Designator=J800
Change Component Designator: Old Designator=L10 New Designator=L800
Change Component Designator: Old Designator=Q7 New Designator=Q800
Change Component Designator: Old Designator=Q8 New Designator=Q801
Change Component Designator: Old Designator=R90 New Designator=R800
Change Component Designator: Old Designator=R91 New Designator=R801
Change Component Designator: Old Designator=R92 New Designator=R802
Change Component Designator: Old Designator=R93 New Designator=R803
Change Component Designator: Old Designator=R94 New Designator=R804
Change Component Designator: Old Designator=R95 New Designator=R805
Change Component Designator: Old Designator=R96 New Designator=R806
Change Component Designator: Old Designator=R97 New Designator=R807
Change Component Designator: Old Designator=R98 New Designator=R808
Change Component Designator: Old Designator=R99 New Designator=R809
Change Component Designator: Old Designator=R100 New Designator=R810
Change Component Designator: Old Designator=TP17 New Designator=TP800
Change Component Designator: Old Designator=TP18 New Designator=TP801
Change Component Designator: Old Designator=TP19 New Designator=TP802
Change Component Designator: Old Designator=TP20 New Designator=TP803
Change Component Designator: Old Designator=U16 New Designator=U800
