Removed Pin From Net: NetName=VDD_5V Pin=J2-1
Removed Pin From Net: NetName=VDD_5V Pin=J2-2
Removed Pin From Net: NetName=VDD_5V Pin=J2-3
Removed Pin From Net: NetName=VDD_3V3 Pin=J2-5
Removed Pin From Net: NetName=VDD_3V3 Pin=J2-6
Removed Pin From Net: NetName=VDD_3V3 Pin=J2-7
Removed Pin From Net: NetName=GND Pin=J2-8
Removed Pin From Net: NetName=nLCD_RESET Pin=J2-9
Removed Pin From Net: NetName=GND Pin=J2-10
Removed Pin From Net: NetName=LCD_SDO Pin=J2-11
Removed Pin From Net: NetName=GND Pin=J2-12
Removed Pin From Net: NetName=LCD_SDI Pin=J2-13
Removed Pin From Net: NetName=GND Pin=J2-14
Removed Pin From Net: NetName=LCD_WRX Pin=J2-15
Removed Pin From Net: NetName=LCD_D_CX Pin=J2-16
Removed Pin From Net: NetName=LCD_CSX Pin=J2-17
Removed Pin From Net: NetName=GND Pin=J2-18
Removed Pin From Net: NetName=I2C_SCL Pin=J2-19
Removed Pin From Net: NetName=I2C_SDA Pin=J2-20
Removed Pin From Net: NetName=ESP32_GPIO0 Pin=J2-22
Removed Pin From Net: NetName=BTN2 Pin=J2-23
Removed Pin From Net: NetName=BTN1 Pin=J2-24
Added Pin To Net: NetName=BTN1 Pin=J2-1
Added Pin To Net: NetName=BTN2 Pin=J2-2
Added Pin To Net: NetName=ESP32_GPIO0 Pin=J2-3
Added Pin To Net: NetName=I2C_SDA Pin=J2-5
Added Pin To Net: NetName=I2C_SCL Pin=J2-6
Added Pin To Net: NetName=GND Pin=J2-7
Added Pin To Net: NetName=LCD_CSX Pin=J2-8
Added Pin To Net: NetName=LCD_D_CX Pin=J2-9
Added Pin To Net: NetName=LCD_WRX Pin=J2-10
Added Pin To Net: NetName=GND Pin=J2-11
Added Pin To Net: NetName=LCD_SDI Pin=J2-12
Added Pin To Net: NetName=GND Pin=J2-13
Added Pin To Net: NetName=LCD_SDO Pin=J2-14
Added Pin To Net: NetName=GND Pin=J2-15
Added Pin To Net: NetName=nLCD_RESET Pin=J2-16
Added Pin To Net: NetName=GND Pin=J2-17
Added Pin To Net: NetName=VDD_3V3 Pin=J2-18
Added Pin To Net: NetName=VDD_3V3 Pin=J2-19
Added Pin To Net: NetName=VDD_3V3 Pin=J2-20
Added Pin To Net: NetName=VDD_5V Pin=J2-22
Added Pin To Net: NetName=VDD_5V Pin=J2-23
Added Pin To Net: NetName=VDD_5V Pin=J2-24
