Change Physical Footprint: Designator=C1 Old Footprint=Cap,SMD,0402 New Footprint=Cap,SMD,0402
Change Physical Footprint: Designator=C2 Old Footprint=Cap,SMD,0402 New Footprint=Cap,SMD,0402
Change Physical Footprint: Designator=C3 Old Footprint=Cap,SMD,0402 New Footprint=Cap,SMD,0402
Change Physical Footprint: Designator=C4 Old Footprint=Cap,SMD,0402 New Footprint=Cap,SMD,0402
Change Physical Footprint: Designator=J1 Old Footprint=Conn,FFC,Top,50Pos,0.5mm New Footprint=Conn,FFC,Top,50Pos,0.5mm
Change Physical Footprint: Designator=J2 Old Footprint=Conn,FFC,Bottom,24Pos,0.5mm New Footprint=Conn,FFC,Bottom,24Pos,0.5mm
Change Physical Footprint: Designator=Q1 Old Footprint=SOT1123 New Footprint=SOT1123
Change Physical Footprint: Designator=R1 Old Footprint=RES,0402 New Footprint=RES,0402
Change Physical Footprint: Designator=R2 Old Footprint=RES,0402 New Footprint=RES,0402
Change Physical Footprint: Designator=R3 Old Footprint=RES,0402 New Footprint=RES,0402
Change Physical Footprint: Designator=R4 Old Footprint=RES,0402 New Footprint=RES,0402
Change Physical Footprint: Designator=R5 Old Footprint=RES,0402 New Footprint=RES,0402
Change Physical Footprint: Designator=R6 Old Footprint=RES,0402 New Footprint=RES,0402
Change Physical Footprint: Designator=R7 Old Footprint=RES,0402 New Footprint=RES,0402
Change Physical Footprint: Designator=R8 Old Footprint=RES,0402 New Footprint=RES,0402
Change Physical Footprint: Designator=R9 Old Footprint=RES,0402 New Footprint=RES,0402
Change Physical Footprint: Designator=R10 Old Footprint=RES,0402 New Footprint=RES,0402
Change Physical Footprint: Designator=R11 Old Footprint=RES,0402 New Footprint=RES,0402
Change Physical Footprint: Designator=R12 Old Footprint=RES,0402 New Footprint=RES,0402
Change Physical Footprint: Designator=SW1 Old Footprint=Switch,Tactile,SPST-NO,Thru,12x12,H7,5 New Footprint=Switch,Tactile,SPST-NO,Thru,12x12,H7,5
Change Physical Footprint: Designator=SW2 Old Footprint=Switch,Tactile,SPST-NO,Thru,12x12,H7,5 New Footprint=Switch,Tactile,SPST-NO,Thru,12x12,H7,5
Change Physical Footprint: Designator=SW3 Old Footprint=SWITCH,TACTILE,SPST-NO,THRU New Footprint=Switch,Tactile,SPST-NO,Thru
Change Physical Footprint: Designator=SW4 Old Footprint=SWITCH,TACTILE,SPST-NO,THRU New Footprint=Switch,Tactile,SPST-NO,Thru
Change Physical Footprint: Designator=TP1 Old Footprint=testpoint,smd,round,1mm New Footprint=testpoint,smd,round,1mm
Change Physical Footprint: Designator=TP2 Old Footprint=testpoint,smd,round,1mm New Footprint=testpoint,smd,round,1mm
Change Physical Footprint: Designator=TP3 Old Footprint=testpoint,smd,round,1mm New Footprint=testpoint,smd,round,1mm
Change Physical Footprint: Designator=TP4 Old Footprint=testpoint,smd,round,1mm New Footprint=testpoint,smd,round,1mm
Change Physical Footprint: Designator=U1 Old Footprint=SOT23-6 New Footprint=SOT23-6
