Added Component: Designator=R62(RES,0402)
Add component (AddParameter): Name = "CreatedBy"; Value = "Judd Foster"; VariantName = "[No Variations]"
Add component (AddParameter): Name = "HelpURL"; Value = "https://www.seielect.com/catalog/sei-rmcf_rmcp.pdf"; VariantName = "[No Variations]"
Add component (AddParameter): Name = "Manufacturer"; Value = "Stackpole Electronics Inc"; VariantName = "[No Variations]"
Add component (AddParameter): Name = "Manufacturer Part Number"; Value = "RMCF0402JT10K0"; VariantName = "[No Variations]"
Add component (AddParameter): Name = "Vendor"; Value = "DIgikey"; VariantName = "[No Variations]"
Add component (AddParameter): Name = "Vendor Part Number"; Value = "RMCF0402JT10K0CT-ND"; VariantName = "[No Variations]"
Added Component: Designator=R64(RES,0402)
Add component (AddParameter): Name = "CreatedBy"; Value = "Judd Foster"; VariantName = "[No Variations]"
Add component (AddParameter): Name = "HelpURL"; Value = "https://www.seielect.com/catalog/sei-rmcf_rmcp.pdf"; VariantName = "[No Variations]"
Add component (AddParameter): Name = "Manufacturer"; Value = "Stackpole Electronics Inc"; VariantName = "[No Variations]"
Add component (AddParameter): Name = "Manufacturer Part Number"; Value = "RMCF0402JT10K0"; VariantName = "[No Variations]"
Add component (AddParameter): Name = "Vendor"; Value = "DIgikey"; VariantName = "[No Variations]"
Add component (AddParameter): Name = "Vendor Part Number"; Value = "RMCF0402JT10K0CT-ND"; VariantName = "[No Variations]"
Added Component: Designator=R65(RES,0402)
Add component (AddParameter): Name = "CreatedBy"; Value = "Judd Foster"; VariantName = "[No Variations]"
Add component (AddParameter): Name = "HelpURL"; Value = "https://www.seielect.com/catalog/sei-rmcf_rmcp.pdf"; VariantName = "[No Variations]"
Add component (AddParameter): Name = "Manufacturer"; Value = "Stackpole Electronics Inc"; VariantName = "[No Variations]"
Add component (AddParameter): Name = "Manufacturer Part Number"; Value = "RMCF0402JT10K0"; VariantName = "[No Variations]"
Add component (AddParameter): Name = "Vendor"; Value = "DIgikey"; VariantName = "[No Variations]"
Add component (AddParameter): Name = "Vendor Part Number"; Value = "RMCF0402JT10K0CT-ND"; VariantName = "[No Variations]"
Added Component: Designator=R66(RES,0402)
Add component (AddParameter): Name = "CreatedBy"; Value = "Judd Foster"; VariantName = "[No Variations]"
Add component (AddParameter): Name = "HelpURL"; Value = "https://www.seielect.com/catalog/sei-rmcf_rmcp.pdf"; VariantName = "[No Variations]"
Add component (AddParameter): Name = "Manufacturer"; Value = "Stackpole Electronics Inc"; VariantName = "[No Variations]"
Add component (AddParameter): Name = "Manufacturer Part Number"; Value = "RMCF0402JT10K0"; VariantName = "[No Variations]"
Add component (AddParameter): Name = "Vendor"; Value = "DIgikey"; VariantName = "[No Variations]"
Add component (AddParameter): Name = "Vendor Part Number"; Value = "RMCF0402JT10K0CT-ND"; VariantName = "[No Variations]"
Added Pin To Net: NetName=SPI_SDI Pin=R62-1
Added Pin To Net: NetName=VDD_3V3 Pin=R62-2
Added Pin To Net: NetName=SD_CS Pin=R64-1
Added Pin To Net: NetName=VDD_3V3 Pin=R64-2
Added Pin To Net: NetName=SPI_SDO Pin=R65-1
Added Pin To Net: NetName=VDD_3V3 Pin=R65-2
Added Pin To Net: NetName=SPI_SCK Pin=R66-1
Added Pin To Net: NetName=VDD_3V3 Pin=R66-2
Added Member To Class: ClassName=Peripherals_Main_Board Member=Component R62 10k
Added Member To Class: ClassName=Peripherals_Main_Board Member=Component R64 10k
Added Member To Class: ClassName=Peripherals_Main_Board Member=Component R65 10k
Added Member To Class: ClassName=Peripherals_Main_Board Member=Component R66 10k
