Removed Pin From Net: NetName=GND Pin=ANT1-2
Removed Pin From Net: NetName=GND Pin=ANT1-2
Removed Pin From Net: NetName=GND Pin=C59-1
Removed Pin From Net: NetName=RF_CTRL Pin=C59-2
Removed Pin From Net: NetName=GND Pin=C60-1
Removed Pin From Net: NetName=GND Pin=Q3-2
Removed Pin From Net: NetName=VDD_3V3 Pin=R64-2
Removed Pin From Net: NetName=RF_CTRL Pin=R65-2
Removed Pin From Net: NetName=RF_CTRL Pin=U16-5
Removed Pin From Net: NetName=NetC2_2 Pin=U16-6
Removed Pin From Net: NetName=GND Pin=U16-7
Removed Member From Class: ClassName=Processor Member=ANT1
Removed Member From Class: ClassName=Processor Member=C59
Removed Member From Class: ClassName=Processor Member=C60
Removed Member From Class: ClassName=Processor Member=Q3
Removed Member From Class: ClassName=Processor Member=R64
Removed Member From Class: ClassName=Processor Member=R65
Removed Member From Class: ClassName=Processor Member=U16
Removed Member From Class: ClassName=50R Member=NetANT1_1
Removed Member From Class: ClassName=50R Member=NetJ6_1
Added Pin To Net: NetName=NetC2_2 Pin=J6-1
